# JRE version: Java(TM) SE Runtime Environment (8.0_45-b15) (build 1.8.0_45-b15)
# Java VM: Java HotSpot(TM) 64-Bit Server VM (25.45-b02 mixed mode windows-amd64 compressed oops)
Heap:
 PSYoungGen      total 186368K, used 39384K [0x00000000eaf80000, 0x00000000f9d00000, 0x0000000100000000)
  eden space 168448K, 23% used [0x00000000eaf80000,0x00000000ed5f6060,0x00000000f5400000)
  from space 17920K, 0% used [0x00000000f5400000,0x00000000f5400000,0x00000000f6580000)
  to   space 20480K, 0% used [0x00000000f8900000,0x00000000f8900000,0x00000000f9d00000)
 ParOldGen       total 89088K, used 30037K [0x00000000c0e00000, 0x00000000c6500000, 0x00000000eaf80000)
  object space 89088K, 33% used [0x00000000c0e00000,0x00000000c2b555b0,0x00000000c6500000)
 Metaspace       used 58510K, capacity 58926K, committed 59800K, reserved 1101824K
  class space    used 7389K, capacity 7507K, committed 7680K, reserved 1048576K
GC Heap History (10 events):
Event: 24.725 GC heap before
{Heap before GC invocations=14 (full 2):
 PSYoungGen      total 125952K, used 114176K [0x00000000eaf80000, 0x00000000f5080000, 0x0000000100000000)
  eden space 114176K, 100% used [0x00000000eaf80000,0x00000000f1f00000,0x00000000f1f00000)
  from space 11776K, 0% used [0x00000000f1f00000,0x00000000f1f00000,0x00000000f2a80000)
  to   space 14336K, 0% used [0x00000000f4280000,0x00000000f4280000,0x00000000f5080000)
 ParOldGen       total 68608K, used 23348K [0x00000000c0e00000, 0x00000000c5100000, 0x00000000eaf80000)
  object space 68608K, 34% used [0x00000000c0e00000,0x00000000c24cd3e0,0x00000000c5100000)
 Metaspace       used 43960K, capacity 44332K, committed 44672K, reserved 1087488K
  class space    used 5640K, capacity 5737K, committed 5760K, reserved 1048576K
Event: 24.744 GC heap after
Heap after GC invocations=14 (full 2):
 PSYoungGen      total 150016K, used 10899K [0x00000000eaf80000, 0x00000000f5580000, 0x0000000100000000)
  eden space 135680K, 0% used [0x00000000eaf80000,0x00000000eaf80000,0x00000000f3400000)
  from space 14336K, 76% used [0x00000000f4280000,0x00000000f4d24d50,0x00000000f5080000)
  to   space 14848K, 0% used [0x00000000f3400000,0x00000000f3400000,0x00000000f4280000)
 ParOldGen       total 68608K, used 23356K [0x00000000c0e00000, 0x00000000c5100000, 0x00000000eaf80000)
  object space 68608K, 34% used [0x00000000c0e00000,0x00000000c24cf3e0,0x00000000c5100000)
 Metaspace       used 43960K, capacity 44332K, committed 44672K, reserved 1087488K
  class space    used 5640K, capacity 5737K, committed 5760K, reserved 1048576K
}
Event: 31.182 GC heap before
{Heap before GC invocations=15 (full 2):
 PSYoungGen      total 150016K, used 146579K [0x00000000eaf80000, 0x00000000f5580000, 0x0000000100000000)
  eden space 135680K, 100% used [0x00000000eaf80000,0x00000000f3400000,0x00000000f3400000)
  from space 14336K, 76% used [0x00000000f4280000,0x00000000f4d24d50,0x00000000f5080000)
  to   space 14848K, 0% used [0x00000000f3400000,0x00000000f3400000,0x00000000f4280000)
 ParOldGen       total 68608K, used 23356K [0x00000000c0e00000, 0x00000000c5100000, 0x00000000eaf80000)
  object space 68608K, 34% used [0x00000000c0e00000,0x00000000c24cf3e0,0x00000000c5100000)
 Metaspace       used 49241K, capacity 49670K, committed 50048K, reserved 1093632K
  class space    used 6336K, capacity 6456K, committed 6528K, reserved 1048576K
Event: 31.485 GC heap after
Heap after GC invocations=15 (full 2):
 PSYoungGen      total 150528K, used 11937K [0x00000000eaf80000, 0x00000000f7680000, 0x0000000100000000)
  eden space 135680K, 0% used [0x00000000eaf80000,0x00000000eaf80000,0x00000000f3400000)
  from space 14848K, 80% used [0x00000000f3400000,0x00000000f3fa8520,0x00000000f4280000)
  to   space 15872K, 0% used [0x00000000f6700000,0x00000000f6700000,0x00000000f7680000)
 ParOldGen       total 68608K, used 23364K [0x00000000c0e00000, 0x00000000c5100000, 0x00000000eaf80000)
  object space 68608K, 34% used [0x00000000c0e00000,0x00000000c24d13e0,0x00000000c5100000)
 Metaspace       used 49241K, capacity 49670K, committed 50048K, reserved 1093632K
  class space    used 6336K, capacity 6456K, committed 6528K, reserved 1048576K
}
Event: 38.171 GC heap before
{Heap before GC invocations=16 (full 2):
 PSYoungGen      total 150528K, used 147617K [0x00000000eaf80000, 0x00000000f7680000, 0x0000000100000000)
  eden space 135680K, 100% used [0x00000000eaf80000,0x00000000f3400000,0x00000000f3400000)
  from space 14848K, 80% used [0x00000000f3400000,0x00000000f3fa8520,0x00000000f4280000)
  to   space 15872K, 0% used [0x00000000f6700000,0x00000000f6700000,0x00000000f7680000)
 ParOldGen       total 68608K, used 23364K [0x00000000c0e00000, 0x00000000c5100000, 0x00000000eaf80000)
  object space 68608K, 34% used [0x00000000c0e00000,0x00000000c24d13e0,0x00000000c5100000)
 Metaspace       used 52856K, capacity 53360K, committed 53760K, reserved 1095680K
  class space    used 6735K, capacity 6841K, committed 6912K, reserved 1048576K
Event: 38.222 GC heap after
Heap after GC invocations=16 (full 2):
 PSYoungGen      total 184320K, used 15713K [0x00000000eaf80000, 0x00000000f7700000, 0x0000000100000000)
  eden space 168448K, 0% used [0x00000000eaf80000,0x00000000eaf80000,0x00000000f5400000)
  from space 15872K, 99% used [0x00000000f6700000,0x00000000f7658570,0x00000000f7680000)
  to   space 17920K, 0% used [0x00000000f5400000,0x00000000f5400000,0x00000000f6580000)
 ParOldGen       total 68608K, used 23372K [0x00000000c0e00000, 0x00000000c5100000, 0x00000000eaf80000)
  object space 68608K, 34% used [0x00000000c0e00000,0x00000000c24d33e0,0x00000000c5100000)
 Metaspace       used 52856K, capacity 53360K, committed 53760K, reserved 1095680K
  class space    used 6735K, capacity 6841K, committed 6912K, reserved 1048576K
}
Event: 2796.297 GC heap before
{Heap before GC invocations=17 (full 2):
 PSYoungGen      total 184320K, used 132411K [0x00000000eaf80000, 0x00000000f7700000, 0x0000000100000000)
  eden space 168448K, 69% used [0x00000000eaf80000,0x00000000f21768d8,0x00000000f5400000)
  from space 15872K, 99% used [0x00000000f6700000,0x00000000f7658570,0x00000000f7680000)
  to   space 17920K, 0% used [0x00000000f5400000,0x00000000f5400000,0x00000000f6580000)
 ParOldGen       total 68608K, used 23372K [0x00000000c0e00000, 0x00000000c5100000, 0x00000000eaf80000)
  object space 68608K, 34% used [0x00000000c0e00000,0x00000000c24d33e0,0x00000000c5100000)
 Metaspace       used 58250K, capacity 58762K, committed 59160K, reserved 1101824K
  class space    used 7412K, capacity 7524K, committed 7552K, reserved 1048576K
Event: 2796.335 GC heap after
Heap after GC invocations=17 (full 2):
 PSYoungGen      total 186368K, used 17909K [0x00000000eaf80000, 0x00000000f9d00000, 0x0000000100000000)
  eden space 168448K, 0% used [0x00000000eaf80000,0x00000000eaf80000,0x00000000f5400000)
  from space 17920K, 99% used [0x00000000f5400000,0x00000000f657d660,0x00000000f6580000)
  to   space 20480K, 0% used [0x00000000f8900000,0x00000000f8900000,0x00000000f9d00000)
 ParOldGen       total 68608K, used 23831K [0x00000000c0e00000, 0x00000000c5100000, 0x00000000eaf80000)
  object space 68608K, 34% used [0x00000000c0e00000,0x00000000c2545ef8,0x00000000c5100000)
 Metaspace       used 58250K, capacity 58762K, committed 59160K, reserved 1101824K
  class space    used 7412K, capacity 7524K, committed 7552K, reserved 1048576K
}
Event: 2796.335 GC heap before
{Heap before GC invocations=18 (full 3):
 PSYoungGen      total 186368K, used 17909K [0x00000000eaf80000, 0x00000000f9d00000, 0x0000000100000000)
  eden space 168448K, 0% used [0x00000000eaf80000,0x00000000eaf80000,0x00000000f5400000)
  from space 17920K, 99% used [0x00000000f5400000,0x00000000f657d660,0x00000000f6580000)
  to   space 20480K, 0% used [0x00000000f8900000,0x00000000f8900000,0x00000000f9d00000)
 ParOldGen       total 68608K, used 23831K [0x00000000c0e00000, 0x00000000c5100000, 0x00000000eaf80000)
  object space 68608K, 34% used [0x00000000c0e00000,0x00000000c2545ef8,0x00000000c5100000)
 Metaspace       used 58250K, capacity 58762K, committed 59160K, reserved 1101824K
  class space    used 7412K, capacity 7524K, committed 7552K, reserved 1048576K
Event: 2796.615 GC heap after
Heap after GC invocations=18 (full 3):
 PSYoungGen      total 186368K, used 0K [0x00000000eaf80000, 0x00000000f9d00000, 0x0000000100000000)
  eden space 168448K, 0% used [0x00000000eaf80000,0x00000000eaf80000,0x00000000f5400000)
  from space 17920K, 0% used [0x00000000f5400000,0x00000000f5400000,0x00000000f6580000)
  to   space 20480K, 0% used [0x00000000f8900000,0x00000000f8900000,0x00000000f9d00000)
 ParOldGen       total 89088K, used 30037K [0x00000000c0e00000, 0x00000000c6500000, 0x00000000eaf80000)
  object space 89088K, 33% used [0x00000000c0e00000,0x00000000c2b555b0,0x00000000c6500000)
 Metaspace       used 58084K, capacity 58498K, committed 59160K, reserved 1101824K
  class space    used 7384K, capacity 7473K, committed 7552K, reserved 1048576K
}

